<?xml version="1.0" encoding="UTF-8"?>
<coverage generated="1773842311194" clover="3.2.0">
  <project timestamp="1773842311194" name="All files">
    <metrics statements="48" coveredstatements="48" conditionals="10" coveredconditionals="10" methods="26" coveredmethods="25" elements="84" coveredelements="83" complexity="0" loc="48" ncloc="48" packages="1" files="5" classes="5"/>
    <file name="ConfigurarTelegram.ts" path="C:\Users\glopez\Documents\GitHub\SMS_Forwarder\src\application\ConfigurarTelegram.ts">
      <metrics statements="7" coveredstatements="7" conditionals="2" coveredconditionals="2" methods="4" coveredmethods="4"/>
      <line num="15" count="1" type="stmt"/>
      <line num="16" count="1" type="stmt"/>
      <line num="20" count="2" type="stmt"/>
      <line num="24" count="3" type="stmt"/>
      <line num="26" count="3" type="cond" truecount="2" falsecount="0"/>
      <line num="27" count="1" type="stmt"/>
      <line num="30" count="2" type="stmt"/>
    </file>
    <file name="ControlarServicioSms.ts" path="C:\Users\glopez\Documents\GitHub\SMS_Forwarder\src\application\ControlarServicioSms.ts">
      <metrics statements="4" coveredstatements="4" conditionals="0" coveredconditionals="0" methods="6" coveredmethods="5"/>
      <line num="11" count="2" type="stmt"/>
      <line num="12" count="1" type="stmt"/>
      <line num="19" count="1" type="stmt"/>
      <line num="23" count="2" type="stmt"/>
    </file>
    <file name="EvaluarYReenviarSms.ts" path="C:\Users\glopez\Documents\GitHub\SMS_Forwarder\src\application\EvaluarYReenviarSms.ts">
      <metrics statements="19" coveredstatements="19" conditionals="6" coveredconditionals="6" methods="5" coveredmethods="5"/>
      <line num="18" count="7" type="stmt"/>
      <line num="19" count="7" type="stmt"/>
      <line num="25" count="7" type="cond" truecount="2" falsecount="0"/>
      <line num="26" count="2" type="stmt"/>
      <line num="27" count="2" type="stmt"/>
      <line num="30" count="5" type="stmt"/>
      <line num="37" count="5" type="stmt"/>
      <line num="39" count="5" type="cond" truecount="2" falsecount="0"/>
      <line num="40" count="1" type="stmt"/>
      <line num="46" count="1" type="stmt"/>
      <line num="49" count="4" type="stmt"/>
      <line num="50" count="4" type="stmt"/>
      <line num="51" count="4" type="stmt"/>
      <line num="56" count="2" type="stmt"/>
      <line num="59" count="2" type="cond" truecount="2" falsecount="0"/>
      <line num="60" count="2" type="stmt"/>
      <line num="75" count="7" type="stmt"/>
      <line num="83" count="7" type="stmt"/>
      <line num="87" count="7" type="stmt"/>
    </file>
    <file name="GestionarReglas.ts" path="C:\Users\glopez\Documents\GitHub\SMS_Forwarder\src\application\GestionarReglas.ts">
      <metrics statements="13" coveredstatements="13" conditionals="2" coveredconditionals="2" methods="7" coveredmethods="7"/>
      <line num="12" count="1" type="stmt"/>
      <line num="13" count="1" type="stmt"/>
      <line num="14" count="1" type="stmt"/>
      <line num="18" count="1" type="stmt"/>
      <line num="22" count="1" type="stmt"/>
      <line num="26" count="1" type="stmt"/>
      <line num="30" count="3" type="stmt"/>
      <line num="32" count="3" type="cond" truecount="2" falsecount="0"/>
      <line num="33" count="1" type="stmt"/>
      <line num="36" count="2" type="stmt"/>
      <line num="40" count="2" type="stmt"/>
      <line num="41" count="2" type="stmt"/>
      <line num="45" count="1" type="stmt"/>
    </file>
    <file name="ObtenerRegistroDeMensajes.ts" path="C:\Users\glopez\Documents\GitHub\SMS_Forwarder\src\application\ObtenerRegistroDeMensajes.ts">
      <metrics statements="5" coveredstatements="5" conditionals="0" coveredconditionals="0" methods="4" coveredmethods="4"/>
      <line num="4" count="1" type="stmt"/>
      <line num="12" count="3" type="stmt"/>
      <line num="13" count="3" type="stmt"/>
      <line num="17" count="3" type="stmt"/>
      <line num="18" count="63" type="stmt"/>
    </file>
  </project>
</coverage>
