TN:
SF:src\application\ConfigurarTelegram.ts
FN:6,(anonymous_0)
FN:11,(anonymous_1)
FN:19,(anonymous_2)
FN:23,(anonymous_3)
FNF:4
FNH:4
FNDA:6,(anonymous_0)
FNDA:1,(anonymous_1)
FNDA:2,(anonymous_2)
FNDA:3,(anonymous_3)
DA:15,1
DA:16,1
DA:20,2
DA:24,3
DA:26,3
DA:27,1
DA:30,2
LF:7
LH:7
BRDA:26,0,0,1
BRDA:26,0,1,2
BRF:2
BRH:2
end_of_record
TN:
SF:src\application\ControlarServicioSms.ts
FN:5,(anonymous_0)
FN:10,(anonymous_1)
FN:11,(anonymous_2)
FN:12,(anonymous_3)
FN:18,(anonymous_4)
FN:22,(anonymous_5)
FNF:6
FNH:5
FNDA:5,(anonymous_0)
FNDA:2,(anonymous_1)
FNDA:1,(anonymous_2)
FNDA:0,(anonymous_3)
FNDA:1,(anonymous_4)
FNDA:2,(anonymous_5)
DA:11,2
DA:12,1
DA:19,1
DA:23,2
LF:4
LH:4
BRF:0
BRH:0
end_of_record
TN:
SF:src\application\EvaluarYReenviarSms.ts
FN:9,(anonymous_0)
FN:17,(anonymous_1)
FN:33,(anonymous_2)
FN:69,(anonymous_3)
FN:86,(anonymous_4)
FNF:5
FNH:5
FNDA:7,(anonymous_0)
FNDA:7,(anonymous_1)
FNDA:5,(anonymous_2)
FNDA:7,(anonymous_3)
FNDA:7,(anonymous_4)
DA:18,7
DA:19,7
DA:25,7
DA:26,2
DA:27,2
DA:30,5
DA:37,5
DA:39,5
DA:40,1
DA:46,1
DA:49,4
DA:50,4
DA:51,4
DA:56,2
DA:59,2
DA:60,2
DA:75,7
DA:83,7
DA:87,7
LF:19
LH:19
BRDA:25,0,0,2
BRDA:25,0,1,5
BRDA:39,1,0,1
BRDA:39,1,1,4
BRDA:59,2,0,1
BRDA:59,2,1,1
BRF:6
BRH:6
end_of_record
TN:
SF:src\application\GestionarReglas.ts
FN:5,(anonymous_0)
FN:9,(anonymous_1)
FN:17,(anonymous_2)
FN:21,(anonymous_3)
FN:25,(anonymous_4)
FN:29,(anonymous_5)
FN:44,(anonymous_6)
FNF:7
FNH:7
FNDA:7,(anonymous_0)
FNDA:1,(anonymous_1)
FNDA:1,(anonymous_2)
FNDA:1,(anonymous_3)
FNDA:1,(anonymous_4)
FNDA:3,(anonymous_5)
FNDA:1,(anonymous_6)
DA:12,1
DA:13,1
DA:14,1
DA:18,1
DA:22,1
DA:26,1
DA:30,3
DA:32,3
DA:33,1
DA:36,2
DA:40,2
DA:41,2
DA:45,1
LF:13
LH:13
BRDA:32,0,0,1
BRDA:32,0,1,2
BRF:2
BRH:2
end_of_record
TN:
SF:src\application\ObtenerRegistroDeMensajes.ts
FN:7,(anonymous_0)
FN:11,(anonymous_1)
FN:16,(anonymous_2)
FN:18,(anonymous_3)
FNF:4
FNH:4
FNDA:3,(anonymous_0)
FNDA:3,(anonymous_1)
FNDA:3,(anonymous_2)
FNDA:63,(anonymous_3)
DA:4,1
DA:12,3
DA:13,3
DA:17,3
DA:18,63
LF:5
LH:5
BRF:0
BRH:0
end_of_record
